Hello
Hey { name: 'Tim' }, how are you?
Dear john
User is { name: 'Tim' }
User john is user no 4
Welcome { name: 'Tim' }
Users json is {"name":"Tim"}
FYI
Hello
Hey { name: 'Tim' }, how are you?
Dear john
User is { name: 'Tim' }
User john is user no 4
Welcome { name: 'Tim' }
Users json is {"name":"Tim"}
FYI
Hello
Hey { name: 'Tim' }, how are you?
Dear john
User is { name: 'Tim' }
User john is user no 4
Welcome { name: 'Tim' }
Users json is {"name":"Tim"}
FYI
Hello
Hey { name: 'Tim' }, how are you?
Dear john
User is { name: 'Tim' }
User john is user no 4
Welcome { name: 'Tim' }
Users json is {"name":"Tim"}
FYI
Hello
Hey { name: 'Tim' }, how are you?
Dear john
User is { name: 'Tim' }
User john is user no 4
Welcome { name: 'Tim' }
Users json is {"name":"Tim"}
FYI
Hello
Hey { name: 'Tim' }, how are you?
Dear john
User is { name: 'Tim' }
User john is user no 4
Welcome { name: 'Tim' }
Users json is {"name":"Tim"}
FYI
Hello
Hey { name: 'Tim' }, how are you?
Dear john
User is { name: 'Tim' }
User john is user no 4
Welcome { name: 'Tim' }
Users json is {"name":"Tim"}
FYI
Hello
Hey { name: 'Tim' }, how are you?
Dear john
User is { name: 'Tim' }
User john is user no 4
Welcome { name: 'Tim' }
Users json is {"name":"Tim"}
FYI
Hello
Hey { name: 'Tim' }, how are you?
Dear john
User is { name: 'Tim' }
User john is user no 4
Welcome { name: 'Tim' }
Users json is {"name":"Tim"}
FYI
Hello
Hey { name: 'Tim' }, how are you?
Dear john
User is { name: 'Tim' }
User john is user no 4
Welcome { name: 'Tim' }
Users json is {"name":"Tim"}
FYI
